0 info it worked if it ends with ok
1 verbose cli [ '/usr/bin/node',
1 verbose cli   '/usr/bin/npm',
1 verbose cli   'completion',
1 verbose cli   '--',
1 verbose cli   'npm',
1 verbose cli   'view',
1 verbose cli   'gitboo' ]
2 info using npm@1.4.28
3 info using node@v0.10.32
4 verbose node symlink /usr/bin/node
5 verbose request where is /-/short
6 verbose request registry https://registry.npmjs.org/
7 verbose request id bb352a1759a63d51
8 verbose url raw /-/short
9 verbose url resolving [ 'https://registry.npmjs.org/', './-/short' ]
10 verbose url resolved https://registry.npmjs.org/-/short
11 verbose request where is https://registry.npmjs.org/-/short
12 info trying registry request attempt 1 at 11:00:17
13 http GET https://registry.npmjs.org/-/short
14 http 404 https://registry.npmjs.org/-/short
15 verbose headers { date: 'Mon, 13 Oct 2014 09:00:17 GMT',
15 verbose headers   server: 'CouchDB/1.5.0 (Erlang OTP/R16B03)',
15 verbose headers   'content-type': 'application/json',
15 verbose headers   'cache-control': 'max-age=0',
15 verbose headers   'content-length': '52',
15 verbose headers   'accept-ranges': 'bytes',
15 verbose headers   via: '1.1 varnish',
15 verbose headers   'x-served-by': 'cache-ams4126-AMS',
15 verbose headers   'x-cache': 'MISS',
15 verbose headers   'x-cache-hits': '0',
15 verbose headers   'x-timer': 'S1413190817.272439,VS0,VE161',
15 verbose headers   'keep-alive': 'timeout=10, max=50',
15 verbose headers   connection: 'Keep-Alive' }
16 silly registry.get cb [ 404,
16 silly registry.get   { date: 'Mon, 13 Oct 2014 09:00:17 GMT',
16 silly registry.get     server: 'CouchDB/1.5.0 (Erlang OTP/R16B03)',
16 silly registry.get     'content-type': 'application/json',
16 silly registry.get     'cache-control': 'max-age=0',
16 silly registry.get     'content-length': '52',
16 silly registry.get     'accept-ranges': 'bytes',
16 silly registry.get     via: '1.1 varnish',
16 silly registry.get     'x-served-by': 'cache-ams4126-AMS',
16 silly registry.get     'x-cache': 'MISS',
16 silly registry.get     'x-cache-hits': '0',
16 silly registry.get     'x-timer': 'S1413190817.272439,VS0,VE161',
16 silly registry.get     'keep-alive': 'timeout=10, max=50',
16 silly registry.get     connection: 'Keep-Alive' } ]
17 error TypeError: Object #<Object> has no method 'match'
17 error     at escape (/usr/lib/node_modules/npm/lib/completion.js:185:10)
17 error     at /usr/lib/node_modules/npm/lib/completion.js:199:14
17 error     at Array.map (native)
17 error     at /usr/lib/node_modules/npm/lib/completion.js:197:19
17 error     at RegClient.<anonymous> (/usr/lib/node_modules/npm/node_modules/npm-registry-client/lib/get.js:162:20)
17 error     at cb (/usr/lib/node_modules/npm/node_modules/npm-registry-client/lib/request.js:57:9)
17 error     at RegClient.<anonymous> (/usr/lib/node_modules/npm/node_modules/npm-registry-client/lib/request.js:156:10)
17 error     at cb (/usr/lib/node_modules/npm/node_modules/npm-registry-client/lib/request.js:166:9)
17 error     at RegClient.<anonymous> (/usr/lib/node_modules/npm/node_modules/npm-registry-client/lib/request.js:320:12)
17 error     at Request._callback (/usr/lib/node_modules/npm/node_modules/npm-registry-client/lib/request.js:246:65)
18 error If you need help, you may report this *entire* log,
18 error including the npm and node versions, at:
18 error     <http://github.com/npm/npm/issues>
19 error System Linux 3.2.0-70-generic
20 error command "/usr/bin/node" "/usr/bin/npm" "completion" "--" "npm" "view" "gitboo"
21 error cwd /home/sapa/workspaces/primaERP/api-doc
22 error node -v v0.10.32
23 error npm -v 1.4.28
24 error type undefined_method
25 verbose exit [ 1, true ]
